[0.081s] DEBUG:colcon:Command line arguments: ['/usr/bin/colcon', 'build']
[0.081s] DEBUG:colcon:Parsed command line arguments: Namespace(log_base=None, log_level=None, verb_name='build', build_base='build', install_base='install', merge_install=False, symlink_install=False, test_result_base=None, continue_on_error=False, executor='parallel', parallel_workers=12, event_handlers=None, ignore_user_meta=False, metas=['./colcon.meta'], base_paths=['.'], packages_ignore=None, packages_ignore_regex=None, paths=None, packages_up_to=None, packages_up_to_regex=None, packages_above=None, packages_above_and_dependencies=None, packages_above_depth=None, packages_select_by_dep=None, packages_skip_by_dep=None, packages_skip_up_to=None, packages_select_build_failed=False, packages_skip_build_finished=False, packages_select_test_failures=False, packages_skip_test_passed=False, packages_select=None, packages_skip=None, packages_select_regex=None, packages_skip_regex=None, packages_start=None, packages_end=None, cmake_args=None, cmake_target=None, cmake_target_skip_unavailable=False, cmake_clean_cache=False, cmake_clean_first=False, cmake_force_configure=False, ament_cmake_args=None, catkin_cmake_args=None, catkin_skip_building_tests=False, mixin_files=None, mixin=None, verb_parser=<colcon_mixin.mixin.mixin_argument.MixinArgumentDecorator object at 0x715eb6804370>, verb_extension=<colcon_core.verb.build.BuildVerb object at 0x715eb67d3ca0>, main=<bound method BuildVerb.main of <colcon_core.verb.build.BuildVerb object at 0x715eb67d3ca0>>, mixin_verb=('build',))
[0.169s] Level 1:colcon.colcon_core.package_discovery:discover_packages(colcon_meta) check parameters
[0.169s] Level 1:colcon.colcon_core.package_discovery:discover_packages(recursive) check parameters
[0.169s] Level 1:colcon.colcon_core.package_discovery:discover_packages(ignore) check parameters
[0.169s] Level 1:colcon.colcon_core.package_discovery:discover_packages(path) check parameters
[0.169s] Level 1:colcon.colcon_core.package_discovery:discover_packages(colcon_meta) discover
[0.169s] Level 1:colcon.colcon_core.package_discovery:discover_packages(recursive) discover
[0.169s] INFO:colcon.colcon_core.package_discovery:Crawling recursively for packages in '/home/user/ros2_ws/src/escape_room'
[0.169s] Level 1:colcon.colcon_core.package_identification:_identify(.) by extensions ['ignore', 'ignore_ament_install']
[0.169s] Level 1:colcon.colcon_core.package_identification:_identify(.) by extension 'ignore'
[0.169s] Level 1:colcon.colcon_core.package_identification:_identify(.) by extension 'ignore_ament_install'
[0.169s] Level 1:colcon.colcon_core.package_identification:_identify(.) by extensions ['colcon_pkg']
[0.169s] Level 1:colcon.colcon_core.package_identification:_identify(.) by extension 'colcon_pkg'
[0.169s] Level 1:colcon.colcon_core.package_identification:_identify(.) by extensions ['colcon_meta']
[0.169s] Level 1:colcon.colcon_core.package_identification:_identify(.) by extension 'colcon_meta'
[0.169s] Level 1:colcon.colcon_core.package_identification:_identify(.) by extensions ['ros']
[0.169s] Level 1:colcon.colcon_core.package_identification:_identify(.) by extension 'ros'
[0.179s] DEBUG:colcon.colcon_core.package_identification:Package '.' with type 'ros.ament_cmake' and name 'escape_room'
[0.179s] Level 1:colcon.colcon_core.package_discovery:discover_packages(recursive) using defaults
[0.179s] Level 1:colcon.colcon_core.package_discovery:discover_packages(ignore) discover
[0.179s] Level 1:colcon.colcon_core.package_discovery:discover_packages(ignore) using defaults
[0.179s] Level 1:colcon.colcon_core.package_discovery:discover_packages(path) discover
[0.180s] Level 1:colcon.colcon_core.package_discovery:discover_packages(path) using defaults
[0.193s] Level 5:colcon.colcon_core.verb:set package 'escape_room' build argument 'cmake_args' from command line to 'None'
[0.193s] Level 5:colcon.colcon_core.verb:set package 'escape_room' build argument 'cmake_target' from command line to 'None'
[0.193s] Level 5:colcon.colcon_core.verb:set package 'escape_room' build argument 'cmake_target_skip_unavailable' from command line to 'False'
[0.193s] Level 5:colcon.colcon_core.verb:set package 'escape_room' build argument 'cmake_clean_cache' from command line to 'False'
[0.193s] Level 5:colcon.colcon_core.verb:set package 'escape_room' build argument 'cmake_clean_first' from command line to 'False'
[0.193s] Level 5:colcon.colcon_core.verb:set package 'escape_room' build argument 'cmake_force_configure' from command line to 'False'
[0.193s] Level 5:colcon.colcon_core.verb:set package 'escape_room' build argument 'ament_cmake_args' from command line to 'None'
[0.193s] Level 5:colcon.colcon_core.verb:set package 'escape_room' build argument 'catkin_cmake_args' from command line to 'None'
[0.193s] Level 5:colcon.colcon_core.verb:set package 'escape_room' build argument 'catkin_skip_building_tests' from command line to 'False'
[0.193s] DEBUG:colcon.colcon_core.verb:Building package 'escape_room' with the following arguments: {'ament_cmake_args': None, 'build_base': '/home/user/ros2_ws/src/escape_room/build/escape_room', 'catkin_cmake_args': None, 'catkin_skip_building_tests': False, 'cmake_args': None, 'cmake_clean_cache': False, 'cmake_clean_first': False, 'cmake_force_configure': False, 'cmake_target': None, 'cmake_target_skip_unavailable': False, 'install_base': '/home/user/ros2_ws/src/escape_room/install/escape_room', 'merge_install': False, 'path': '/home/user/ros2_ws/src/escape_room', 'symlink_install': False, 'test_result_base': None}
[0.193s] INFO:colcon.colcon_core.executor:Executing jobs using 'parallel' executor
[0.194s] DEBUG:colcon.colcon_parallel_executor.executor.parallel:run_until_complete
[0.194s] INFO:colcon.colcon_ros.task.ament_cmake.build:Building ROS package in '/home/user/ros2_ws/src/escape_room' with build type 'ament_cmake'
[0.194s] INFO:colcon.colcon_cmake.task.cmake.build:Building CMake package in '/home/user/ros2_ws/src/escape_room'
[0.197s] INFO:colcon.colcon_core.plugin_system:Skipping extension 'colcon_core.shell.bat': Not used on non-Windows systems
[0.197s] INFO:colcon.colcon_core.shell:Skip shell extension 'powershell' for command environment: Not usable outside of PowerShell
[0.197s] DEBUG:colcon.colcon_core.shell:Skip shell extension 'dsv' for command environment
[0.209s] DEBUG:colcon.colcon_core.event_handler.log_command:Invoking command in '/home/user/ros2_ws/src/escape_room/build/escape_room': CMAKE_PREFIX_PATH=${CMAKE_PREFIX_PATH}:/opt/ros/humble /usr/bin/cmake /home/user/ros2_ws/src/escape_room -DCMAKE_INSTALL_PREFIX=/home/user/ros2_ws/src/escape_room/install/escape_room
[2.028s] DEBUG:colcon.colcon_core.event_handler.log_command:Invoked command in '/home/user/ros2_ws/src/escape_room/build/escape_room' returned '0': CMAKE_PREFIX_PATH=${CMAKE_PREFIX_PATH}:/opt/ros/humble /usr/bin/cmake /home/user/ros2_ws/src/escape_room -DCMAKE_INSTALL_PREFIX=/home/user/ros2_ws/src/escape_room/install/escape_room
[2.030s] DEBUG:colcon.colcon_core.event_handler.log_command:Invoking command in '/home/user/ros2_ws/src/escape_room/build/escape_room': CMAKE_PREFIX_PATH=${CMAKE_PREFIX_PATH}:/opt/ros/humble /usr/bin/cmake --build /home/user/ros2_ws/src/escape_room/build/escape_room -- -j12 -l12
[5.391s] DEBUG:colcon.colcon_parallel_executor.executor.parallel:run_until_complete was interrupted
[5.392s] DEBUG:colcon.colcon_parallel_executor.executor.parallel:run_until_complete again
[5.423s] DEBUG:colcon.colcon_core.event_handler.log_command:Invoked command in '/home/user/ros2_ws/src/escape_room/build/escape_room' returned '-2': CMAKE_PREFIX_PATH=${CMAKE_PREFIX_PATH}:/opt/ros/humble /usr/bin/cmake --build /home/user/ros2_ws/src/escape_room/build/escape_room -- -j12 -l12
[5.423s] Level 1:colcon.colcon_core.environment:create_environment_scripts_only(escape_room)
[5.425s] Level 1:colcon.colcon_core.environment:checking '/home/user/ros2_ws/src/escape_room/install/escape_room' for CMake module files
[5.425s] Level 1:colcon.colcon_core.environment:checking '/home/user/ros2_ws/src/escape_room/install/escape_room' for CMake config files
[5.425s] Level 1:colcon.colcon_core.environment:checking '/home/user/ros2_ws/src/escape_room/install/escape_room/bin'
[5.425s] Level 1:colcon.colcon_core.environment:checking '/home/user/ros2_ws/src/escape_room/install/escape_room/lib/pkgconfig/escape_room.pc'
[5.426s] Level 1:colcon.colcon_core.environment:checking '/home/user/ros2_ws/src/escape_room/install/escape_room/lib/python3.10/site-packages'
[5.427s] Level 1:colcon.colcon_core.environment:checking '/home/user/ros2_ws/src/escape_room/install/escape_room/bin'
[5.427s] INFO:colcon.colcon_core.shell:Creating package script '/home/user/ros2_ws/src/escape_room/install/escape_room/share/escape_room/package.ps1'
[5.428s] INFO:colcon.colcon_core.shell:Creating package descriptor '/home/user/ros2_ws/src/escape_room/install/escape_room/share/escape_room/package.dsv'
[5.428s] INFO:colcon.colcon_core.shell:Creating package script '/home/user/ros2_ws/src/escape_room/install/escape_room/share/escape_room/package.sh'
[5.429s] INFO:colcon.colcon_core.shell:Creating package script '/home/user/ros2_ws/src/escape_room/install/escape_room/share/escape_room/package.bash'
[5.429s] INFO:colcon.colcon_core.shell:Creating package script '/home/user/ros2_ws/src/escape_room/install/escape_room/share/escape_room/package.zsh'
[5.430s] Level 1:colcon.colcon_core.environment:create_file_with_runtime_dependencies(/home/user/ros2_ws/src/escape_room/install/escape_room/share/colcon-core/packages/escape_room)
[5.440s] DEBUG:colcon.colcon_parallel_executor.executor.parallel:run_until_complete finished
[5.441s] DEBUG:colcon.colcon_parallel_executor.executor.parallel:closing loop
[5.441s] DEBUG:colcon.colcon_parallel_executor.executor.parallel:loop closed
[5.441s] DEBUG:colcon.colcon_core.event_reactor:joining thread
[5.467s] INFO:colcon.colcon_core.plugin_system:Skipping extension 'colcon_notification.desktop_notification.notify_send': Could not find 'notify-send'
[5.468s] INFO:colcon.colcon_core.plugin_system:Skipping extension 'colcon_notification.desktop_notification.terminal_notifier': Not used on non-Darwin systems
[5.468s] INFO:colcon.colcon_core.plugin_system:Skipping extension 'colcon_notification.desktop_notification.win32': Not used on non-Windows systems
[5.468s] INFO:colcon.colcon_notification.desktop_notification:Sending desktop notification using 'notify2'
[5.471s] DEBUG:colcon.colcon_notification.desktop_notification.notify2:Failed to initialize notify2: org.freedesktop.DBus.Error.Spawn.ExecFailed: /usr/bin/dbus-launch terminated abnormally without any error message
[5.472s] DEBUG:colcon.colcon_core.event_reactor:joined thread
[5.473s] INFO:colcon.colcon_core.shell:Creating prefix script '/home/user/ros2_ws/src/escape_room/install/local_setup.ps1'
[5.474s] INFO:colcon.colcon_core.shell:Creating prefix util module '/home/user/ros2_ws/src/escape_room/install/_local_setup_util_ps1.py'
[5.475s] INFO:colcon.colcon_core.shell:Creating prefix chain script '/home/user/ros2_ws/src/escape_room/install/setup.ps1'
[5.477s] INFO:colcon.colcon_core.shell:Creating prefix script '/home/user/ros2_ws/src/escape_room/install/local_setup.sh'
[5.477s] INFO:colcon.colcon_core.shell:Creating prefix util module '/home/user/ros2_ws/src/escape_room/install/_local_setup_util_sh.py'
[5.478s] INFO:colcon.colcon_core.shell:Creating prefix chain script '/home/user/ros2_ws/src/escape_room/install/setup.sh'
[5.478s] INFO:colcon.colcon_core.shell:Creating prefix script '/home/user/ros2_ws/src/escape_room/install/local_setup.bash'
[5.479s] INFO:colcon.colcon_core.shell:Creating prefix chain script '/home/user/ros2_ws/src/escape_room/install/setup.bash'
[5.480s] INFO:colcon.colcon_core.shell:Creating prefix script '/home/user/ros2_ws/src/escape_room/install/local_setup.zsh'
[5.480s] INFO:colcon.colcon_core.shell:Creating prefix chain script '/home/user/ros2_ws/src/escape_room/install/setup.zsh'
